


ARM Macro Assembler    Page 1 


    1 00000000                 AREA             RESET,DATA,READONLY
    2 00000000                 EXPORT           __Vectors
    3 00000000         
    4 00000000         __Vectors
    5 00000000 10001000        DCD              0X10001000
    6 00000004 00000000        DCD              Reset_Handler
    7 00000008                 ALIGN
    8 00000008                 AREA             mycode, CODE,READONLY
    9 00000000                 ENTRY
   10 00000000                 EXPORT           Reset_Handler
   11 00000000         
   12 00000000         Reset_Handler
   13 00000000 4903            LDR              R1,=0x12345678
   14 00000002 4A04            LDR              R2,=0x3578F2EF
   15 00000004 4B03            LDR              R3,=0x3578F2EF
   16 00000006         
   17 00000006 F8DF D010       LDR              R13, =0x1000003C
   18 0000000A B40E            STMDB            R13!, {R1, R2, R3}
   19 0000000C BC70            LDM              R13!, {R4, R5, R6}
   20 0000000E         
   21 0000000E         EXIT
   22 0000000E         
   23 0000000E         
   24 0000000E         
   25 0000000E         
   26 0000000E         STOP
   27 0000000E E7FE            B                STOP
   28 00000010         
   29 00000010 12345678 
              3578F2EF 
              1000003C         AREA             DATASEG,DATA,READWRITE
   30 00000000 00000000 
                       DST     DCD              0
   31 00000004                 END
Command Line: --debug --xref --cpu=Cortex-M3 --apcs=interwork --depend=.\practi
ce.d -o.\practice.o -IC:\Keil\ARM\RV31\INC -IC:\Keil\ARM\CMSIS\Include -IC:\Kei
l\ARM\Inc\NXP\LPC17xx --predefine="__EVAL SETA 1" --list=.\practice.lst practic
e.s



ARM Macro Assembler    Page 1 Alphabetic symbol ordering
Relocatable symbols

RESET 00000000

Symbol: RESET
   Definitions
      At line 1 in file practice.s
   Uses
      None
Comment: RESET unused
__Vectors 00000000

Symbol: __Vectors
   Definitions
      At line 4 in file practice.s
   Uses
      At line 2 in file practice.s
Comment: __Vectors used once
2 symbols



ARM Macro Assembler    Page 1 Alphabetic symbol ordering
Relocatable symbols

EXIT 0000000E

Symbol: EXIT
   Definitions
      At line 21 in file practice.s
   Uses
      None
Comment: EXIT unused
Reset_Handler 00000000

Symbol: Reset_Handler
   Definitions
      At line 12 in file practice.s
   Uses
      At line 6 in file practice.s
      At line 10 in file practice.s

STOP 0000000E

Symbol: STOP
   Definitions
      At line 26 in file practice.s
   Uses
      At line 27 in file practice.s
Comment: STOP used once
mycode 00000000

Symbol: mycode
   Definitions
      At line 8 in file practice.s
   Uses
      None
Comment: mycode unused
4 symbols



ARM Macro Assembler    Page 1 Alphabetic symbol ordering
Relocatable symbols

DATASEG 00000000

Symbol: DATASEG
   Definitions
      At line 29 in file practice.s
   Uses
      None
Comment: DATASEG unused
DST 00000000

Symbol: DST
   Definitions
      At line 30 in file practice.s
   Uses
      None
Comment: DST unused
2 symbols
341 symbols in table
